#
# There is insufficient memory for the Java Runtime Environment to continue.
# Native memory allocation (malloc) failed to allocate 1029536 bytes. Error detail: Chunk::new
# Possible reasons:
#   The system is out of physical RAM or swap space
#   This process is running with CompressedOops enabled, and the Java Heap may be blocking the growth of the native heap
# Possible solutions:
#   Reduce memory load on the system
#   Increase physical memory or swap space
#   Check if swap backing store is full
#   Decrease Java heap size (-Xmx/-Xms)
#   Decrease number of Java threads
#   Decrease Java thread stack sizes (-Xss)
#   Set larger code cache with -XX:ReservedCodeCacheSize=
#   JVM is running with Zero Based Compressed Oops mode in which the Java heap is
#     placed in the first 32GB address space. The Java Heap base address is the
#     maximum limit for the native heap growth. Please use -XX:HeapBaseMinAddress
#     to set the Java Heap base and to place the Java Heap above 32GB virtual address.
# This output file may be truncated or incomplete.
#
#  Out of Memory Error (arena.cpp:150), pid=13620, tid=252
#
# JRE version: OpenJDK Runtime Environment (22.0.1+8) (build 22.0.1+8-16)
# Java VM: OpenJDK 64-Bit Server VM (22.0.1+8-16, mixed mode, sharing, tiered, compressed oops, compressed class ptrs, g1 gc, windows-amd64)
# No core dump will be written. Minidumps are not enabled by default on client versions of Windows
#

---------------  S U M M A R Y ------------

Command Line: -javaagent:C:\Program Files\JetBrains\IntelliJ IDEA Community Edition 2024.1.4\lib\idea_rt.jar=51676:C:\Program Files\JetBrains\IntelliJ IDEA Community Edition 2024.1.4\bin -Dfile.encoding=UTF-8 -Dsun.stdout.encoding=UTF-8 -Dsun.stderr.encoding=UTF-8 com.example.blogAngular.BlogAngularApplication

Host: Intel(R) Core(TM) i5-6300HQ CPU @ 2.30GHz, 4 cores, 11G,  Windows 10 , 64 bit Build 19041 (10.0.19041.1202)
Time: Fri Jul 19 16:29:19 2024 SE Asia Standard Time elapsed time: 176.181392 seconds (0d 0h 2m 56s)

---------------  T H R E A D  ---------------

Current thread (0x0000027fb35a5d40):  JavaThread "C2 CompilerThread0" daemon [_thread_in_native, id=252, stack(0x000000f4f1e00000,0x000000f4f1f00000) (1024K)]


Current CompileTask:
C2:176181 5701       4       org.springframework.beans.factory.support.AbstractBeanFactory::isTypeMatch (745 bytes)

Stack: [0x000000f4f1e00000,0x000000f4f1f00000]
Native frames: (J=compiled Java code, j=interpreted, Vv=VM code, C=native code)
V  [jvm.dll+0x6e2279]  (no source info available)
V  [jvm.dll+0x874e33]  (no source info available)
V  [jvm.dll+0x87725e]  (no source info available)
V  [jvm.dll+0x877933]  (no source info available)
V  [jvm.dll+0x27fd76]  (no source info available)
V  [jvm.dll+0xc3d0f]  (no source info available)
V  [jvm.dll+0xc3f6b]  (no source info available)
V  [jvm.dll+0x2f3c2f]  (no source info available)
V  [jvm.dll+0x60bc9a]  (no source info available)
V  [jvm.dll+0x250db2]  (no source info available)
V  [jvm.dll+0x2493c6]  (no source info available)
V  [jvm.dll+0x246ec6]  (no source info available)
V  [jvm.dll+0x1c4e90]  (no source info available)
V  [jvm.dll+0x2569fe]  (no source info available)
V  [jvm.dll+0x254cba]  (no source info available)
V  [jvm.dll+0x3f5336]  (no source info available)
V  [jvm.dll+0x81d44b]  (no source info available)
V  [jvm.dll+0x6e0915]  (no source info available)
C  [ucrtbase.dll+0x21bb2]  (no source info available)
C  [KERNEL32.DLL+0x17034]  (no source info available)
C  [ntdll.dll+0x52651]  (no source info available)


---------------  P R O C E S S  ---------------

Threads class SMR info:
_java_thread_list=0x0000027ffa2508c0, length=30, elements={
0x0000027fb359b7a0, 0x0000027fb359e410, 0x0000027fb359f070, 0x0000027fb35a1ae0,
0x0000027fb35a4550, 0x0000027fb35a4fb0, 0x0000027fb35a5d40, 0x0000027fb35d5a20,
0x0000027fb379b200, 0x0000027fb397fae0, 0x0000027fb3af1170, 0x0000027ffc1ed5b0,
0x0000027ffa9b3840, 0x0000027ffa6ebba0, 0x0000027ffa78af20, 0x0000027ff9ee07d0,
0x0000027ffc502c30, 0x0000027ffc506dd0, 0x0000027ffc503950, 0x0000027ffc503fe0,
0x0000027ffc506740, 0x0000027ffc507460, 0x0000027ffc5060b0, 0x0000027ffc5032c0,
0x0000027ffc5004d0, 0x0000027ffc504d00, 0x0000027ffc507af0, 0x0000027ffc504670,
0x0000027ffc505390, 0x0000027fb37f5bd0
}

Java Threads: ( => current thread )
  0x0000027fb359b7a0 JavaThread "Reference Handler"          daemon [_thread_blocked, id=4260, stack(0x000000f4f1800000,0x000000f4f1900000) (1024K)]
  0x0000027fb359e410 JavaThread "Finalizer"                  daemon [_thread_blocked, id=13916, stack(0x000000f4f1900000,0x000000f4f1a00000) (1024K)]
  0x0000027fb359f070 JavaThread "Signal Dispatcher"          daemon [_thread_blocked, id=9584, stack(0x000000f4f1a00000,0x000000f4f1b00000) (1024K)]
  0x0000027fb35a1ae0 JavaThread "Attach Listener"            daemon [_thread_blocked, id=12308, stack(0x000000f4f1b00000,0x000000f4f1c00000) (1024K)]
  0x0000027fb35a4550 JavaThread "Service Thread"             daemon [_thread_blocked, id=1712, stack(0x000000f4f1c00000,0x000000f4f1d00000) (1024K)]
  0x0000027fb35a4fb0 JavaThread "Monitor Deflation Thread"   daemon [_thread_blocked, id=12160, stack(0x000000f4f1d00000,0x000000f4f1e00000) (1024K)]
=>0x0000027fb35a5d40 JavaThread "C2 CompilerThread0"         daemon [_thread_in_native, id=252, stack(0x000000f4f1e00000,0x000000f4f1f00000) (1024K)]
  0x0000027fb35d5a20 JavaThread "C1 CompilerThread0"         daemon [_thread_blocked, id=12136, stack(0x000000f4f1f00000,0x000000f4f2000000) (1024K)]
  0x0000027fb379b200 JavaThread "Common-Cleaner"             daemon [_thread_blocked, id=13956, stack(0x000000f4f2000000,0x000000f4f2100000) (1024K)]
  0x0000027fb397fae0 JavaThread "Monitor Ctrl-Break"         daemon [_thread_in_native, id=6584, stack(0x000000f4f2200000,0x000000f4f2300000) (1024K)]
  0x0000027fb3af1170 JavaThread "Notification Thread"        daemon [_thread_blocked, id=13448, stack(0x000000f4f2300000,0x000000f4f2400000) (1024K)]
  0x0000027ffc1ed5b0 JavaThread "Catalina-utility-1"                [_thread_blocked, id=2432, stack(0x000000f4f2700000,0x000000f4f2800000) (1024K)]
  0x0000027ffa9b3840 JavaThread "Catalina-utility-2"                [_thread_blocked, id=10216, stack(0x000000f4f2800000,0x000000f4f2900000) (1024K)]
  0x0000027ffa6ebba0 JavaThread "container-0"                       [_thread_blocked, id=1924, stack(0x000000f4f2900000,0x000000f4f2a00000) (1024K)]
  0x0000027ffa78af20 JavaThread "mysql-cj-abandoned-connection-cleanup" daemon [_thread_blocked, id=10040, stack(0x000000f4f2a00000,0x000000f4f2b00000) (1024K)]
  0x0000027ff9ee07d0 JavaThread "HikariPool-1 housekeeper"   daemon [_thread_blocked, id=13004, stack(0x000000f4f2c00000,0x000000f4f2d00000) (1024K)]
  0x0000027ffc502c30 JavaThread "http-nio-8080-exec-1"       daemon [_thread_blocked, id=12220, stack(0x000000f4f2e00000,0x000000f4f2f00000) (1024K)]
  0x0000027ffc506dd0 JavaThread "http-nio-8080-exec-2"       daemon [_thread_blocked, id=3108, stack(0x000000f4f2f00000,0x000000f4f3000000) (1024K)]
  0x0000027ffc503950 JavaThread "http-nio-8080-exec-3"       daemon [_thread_blocked, id=13428, stack(0x000000f4f3000000,0x000000f4f3100000) (1024K)]
  0x0000027ffc503fe0 JavaThread "http-nio-8080-exec-4"       daemon [_thread_blocked, id=13336, stack(0x000000f4f3100000,0x000000f4f3200000) (1024K)]
  0x0000027ffc506740 JavaThread "http-nio-8080-exec-5"       daemon [_thread_blocked, id=10176, stack(0x000000f4f3200000,0x000000f4f3300000) (1024K)]
  0x0000027ffc507460 JavaThread "http-nio-8080-exec-6"       daemon [_thread_blocked, id=6288, stack(0x000000f4f3300000,0x000000f4f3400000) (1024K)]
  0x0000027ffc5060b0 JavaThread "http-nio-8080-exec-7"       daemon [_thread_blocked, id=12660, stack(0x000000f4f3400000,0x000000f4f3500000) (1024K)]
  0x0000027ffc5032c0 JavaThread "http-nio-8080-exec-8"       daemon [_thread_blocked, id=11512, stack(0x000000f4f3500000,0x000000f4f3600000) (1024K)]
  0x0000027ffc5004d0 JavaThread "http-nio-8080-exec-9"       daemon [_thread_blocked, id=7464, stack(0x000000f4f3600000,0x000000f4f3700000) (1024K)]
  0x0000027ffc504d00 JavaThread "http-nio-8080-exec-10"      daemon [_thread_blocked, id=9700, stack(0x000000f4f3700000,0x000000f4f3800000) (1024K)]
  0x0000027ffc507af0 JavaThread "http-nio-8080-Poller"       daemon [_thread_in_native, id=12644, stack(0x000000f4f3800000,0x000000f4f3900000) (1024K)]
  0x0000027ffc504670 JavaThread "http-nio-8080-Acceptor"     daemon [_thread_in_native, id=7732, stack(0x000000f4f3900000,0x000000f4f3a00000) (1024K)]
  0x0000027ffc505390 JavaThread "DestroyJavaVM"                     [_thread_blocked, id=4872, stack(0x000000f4f1000000,0x000000f4f1100000) (1024K)]
  0x0000027fb37f5bd0 JavaThread "C2 CompilerThread1"         daemon [_thread_blocked, id=128, stack(0x000000f4f0d00000,0x000000f4f0e00000) (1024K)]
Total: 30

Other Threads:
  0x0000027fb357d3d0 VMThread "VM Thread"                           [id=556, stack(0x000000f4f1700000,0x000000f4f1800000) (1024K)]
  0x0000027fb3566fa0 WatcherThread "VM Periodic Task Thread"        [id=8996, stack(0x000000f4f1600000,0x000000f4f1700000) (1024K)]
  0x0000027f962a4e90 WorkerThread "GC Thread#0"                     [id=3872, stack(0x000000f4f1100000,0x000000f4f1200000) (1024K)]
  0x0000027ff94e3ac0 WorkerThread "GC Thread#1"                     [id=2336, stack(0x000000f4f2400000,0x000000f4f2500000) (1024K)]
  0x0000027ff927e950 WorkerThread "GC Thread#2"                     [id=2720, stack(0x000000f4f2500000,0x000000f4f2600000) (1024K)]
  0x0000027ff927ed00 WorkerThread "GC Thread#3"                     [id=12816, stack(0x000000f4f2600000,0x000000f4f2700000) (1024K)]
  0x0000027f962b3120 ConcurrentGCThread "G1 Main Marker"            [id=1888, stack(0x000000f4f1200000,0x000000f4f1300000) (1024K)]
  0x0000027f962b3b40 WorkerThread "G1 Conc#0"                       [id=13072, stack(0x000000f4f1300000,0x000000f4f1400000) (1024K)]
  0x0000027fb34410a0 ConcurrentGCThread "G1 Refine#0"               [id=12368, stack(0x000000f4f1400000,0x000000f4f1500000) (1024K)]
  0x0000027fb34419d0 ConcurrentGCThread "G1 Service"                [id=2760, stack(0x000000f4f1500000,0x000000f4f1600000) (1024K)]
Total: 10

Threads with active compile tasks:
C2 CompilerThread0  176223 5701       4       org.springframework.beans.factory.support.AbstractBeanFactory::isTypeMatch (745 bytes)
Total: 1

VM state: not at safepoint (normal execution)

VM Mutex/Monitor currently owned by a thread: None

Heap address: 0x0000000742200000, size: 3038 MB, Compressed Oops mode: Zero based, Oop shift amount: 3

CDS archive(s) mapped at: [0x0000027fb4000000-0x0000027fb4c50000-0x0000027fb4c50000), size 12910592, SharedBaseAddress: 0x0000027fb4000000, ArchiveRelocationMode: 1.
Compressed class space mapped at: 0x0000027fb5000000-0x0000027ff5000000, reserved size: 1073741824
Narrow klass base: 0x0000027fb4000000, Narrow klass shift: 0, Narrow klass range: 0x41000000

GC Precious Log:
 CardTable entry size: 512
 Card Set container configuration: InlinePtr #cards 4 size 8 Array Of Cards #cards 16 size 48 Howl #buckets 8 coarsen threshold 3686 Howl Bitmap #cards 512 size 80 coarsen threshold 460 Card regions per heap region 1 cards per card region 4096
 CPUs: 4 total, 4 available
 Memory: 12146M
 Large Page Support: Disabled
 NUMA Support: Disabled
 Compressed Oops: Enabled (Zero based)
 Heap Region Size: 2M
 Heap Min Capacity: 8M
 Heap Initial Capacity: 190M
 Heap Max Capacity: 3038M
 Pre-touch: Disabled
 Parallel Workers: 4
 Concurrent Workers: 1
 Concurrent Refinement Workers: 4
 Periodic GC: Disabled

Heap:
 garbage-first heap   total reserved 3110912K, committed 59392K, used 45109K [0x0000000742200000, 0x0000000800000000)
  region size 2048K, 13 young (26624K), 2 survivors (4096K)
 Metaspace       used 68545K, committed 69184K, reserved 1114112K
  class space    used 9333K, committed 9600K, reserved 1048576K

Heap Regions: E=young(eden), S=young(survivor), O=old, HS=humongous(starts), HC=humongous(continues), CS=collection set, F=free, TAMS=top-at-mark-start, PB=parsable bottom
|   0|0x0000000742200000, 0x0000000742400000, 0x0000000742400000|100%| O|  |TAMS 0x0000000742200000| PB 0x0000000742200000| Untracked |  0
|   1|0x0000000742400000, 0x0000000742600000, 0x0000000742600000|100%| O|  |TAMS 0x0000000742400000| PB 0x0000000742400000| Untracked |  0
|   2|0x0000000742600000, 0x0000000742800000, 0x0000000742800000|100%| O|  |TAMS 0x0000000742600000| PB 0x0000000742600000| Untracked |  0
|   3|0x0000000742800000, 0x0000000742a00000, 0x0000000742a00000|100%| O|  |TAMS 0x0000000742800000| PB 0x0000000742800000| Untracked |  0
|   4|0x0000000742a00000, 0x0000000742c00000, 0x0000000742c00000|100%| O|  |TAMS 0x0000000742a00000| PB 0x0000000742a00000| Untracked |  0
|   5|0x0000000742c00000, 0x0000000742e00000, 0x0000000742e00000|100%| O|  |TAMS 0x0000000742c00000| PB 0x0000000742c00000| Untracked |  0
|   6|0x0000000742e00000, 0x0000000743000000, 0x0000000743000000|100%| O|  |TAMS 0x0000000742e00000| PB 0x0000000742e00000| Untracked |  0
|   7|0x0000000743000000, 0x0000000743200000, 0x0000000743200000|100%| O|  |TAMS 0x0000000743000000| PB 0x0000000743000000| Untracked |  0
|   8|0x0000000743200000, 0x0000000743400000, 0x0000000743400000|100%| O|Cm|TAMS 0x0000000743200000| PB 0x0000000743200000| Complete |  0
|   9|0x0000000743400000, 0x0000000743600000, 0x0000000743600000|100%| O|  |TAMS 0x0000000743400000| PB 0x0000000743400000| Untracked |  0
|  10|0x0000000743600000, 0x0000000743800000, 0x0000000743800000|100%| O|  |TAMS 0x0000000743600000| PB 0x0000000743600000| Untracked |  0
|  11|0x0000000743800000, 0x000000074380d5a0, 0x0000000743a00000|  2%| O|  |TAMS 0x0000000743800000| PB 0x0000000743800000| Untracked |  0
|  12|0x0000000743a00000, 0x0000000743a00000, 0x0000000743c00000|  0%| F|  |TAMS 0x0000000743a00000| PB 0x0000000743a00000| Untracked |  0
|  13|0x0000000743c00000, 0x0000000743e00000, 0x0000000743e00000|100%| S|CS|TAMS 0x0000000743c00000| PB 0x0000000743c00000| Complete |  0
|  14|0x0000000743e00000, 0x0000000744000000, 0x0000000744000000|100%| S|CS|TAMS 0x0000000743e00000| PB 0x0000000743e00000| Complete |  0
|  15|0x0000000744000000, 0x0000000744000000, 0x0000000744200000|  0%| F|  |TAMS 0x0000000744000000| PB 0x0000000744000000| Untracked |  0
|  16|0x0000000744200000, 0x0000000744200000, 0x0000000744400000|  0%| F|  |TAMS 0x0000000744200000| PB 0x0000000744200000| Untracked |  0
|  17|0x0000000744400000, 0x0000000744400000, 0x0000000744600000|  0%| F|  |TAMS 0x0000000744400000| PB 0x0000000744400000| Untracked |  0
|  18|0x0000000744600000, 0x0000000744638960, 0x0000000744800000| 11%| E|  |TAMS 0x0000000744600000| PB 0x0000000744600000| Complete |  0
|  19|0x0000000744800000, 0x0000000744a00000, 0x0000000744a00000|100%| E|CS|TAMS 0x0000000744800000| PB 0x0000000744800000| Complete |  0
|  20|0x0000000744a00000, 0x0000000744c00000, 0x0000000744c00000|100%| E|CS|TAMS 0x0000000744a00000| PB 0x0000000744a00000| Complete |  0
|  21|0x0000000744c00000, 0x0000000744e00000, 0x0000000744e00000|100%| E|CS|TAMS 0x0000000744c00000| PB 0x0000000744c00000| Complete |  0
|  22|0x0000000744e00000, 0x0000000745000000, 0x0000000745000000|100%| E|CS|TAMS 0x0000000744e00000| PB 0x0000000744e00000| Complete |  0
|  23|0x0000000745000000, 0x0000000745200000, 0x0000000745200000|100%| E|  |TAMS 0x0000000745000000| PB 0x0000000745000000| Complete |  0
|  24|0x0000000745200000, 0x0000000745400000, 0x0000000745400000|100%| E|CS|TAMS 0x0000000745200000| PB 0x0000000745200000| Complete |  0
|  77|0x000000074bc00000, 0x000000074be00000, 0x000000074be00000|100%| E|CS|TAMS 0x000000074bc00000| PB 0x000000074bc00000| Complete |  0
|  78|0x000000074be00000, 0x000000074c000000, 0x000000074c000000|100%| E|CS|TAMS 0x000000074be00000| PB 0x000000074be00000| Complete |  0
|  79|0x000000074c000000, 0x000000074c200000, 0x000000074c200000|100%| E|CS|TAMS 0x000000074c000000| PB 0x000000074c000000| Complete |  0
|  80|0x000000074c200000, 0x000000074c400000, 0x000000074c400000|100%| E|CS|TAMS 0x000000074c200000| PB 0x000000074c200000| Complete |  0

Card table byte_map: [0x0000027fadb90000,0x0000027fae180000] _byte_map_base: 0x0000027faa17f000

Marking Bits: (CMBitMap*) 0x0000027f962a68c0
 Bits: [0x0000027fae180000, 0x0000027fb10f8000)

Polling page: 0x0000027f940f0000

Metaspace:

Usage:
  Non-class:     57.82 MB used.
      Class:      9.11 MB used.
       Both:     66.94 MB used.

Virtual space:
  Non-class space:       64.00 MB reserved,      58.19 MB ( 91%) committed,  1 nodes.
      Class space:        1.00 GB reserved,       9.38 MB ( <1%) committed,  1 nodes.
             Both:        1.06 GB reserved,      67.56 MB (  6%) committed. 

Chunk freelists:
   Non-Class:  5.72 MB
       Class:  6.45 MB
        Both:  12.17 MB

MaxMetaspaceSize: unlimited
CompressedClassSpaceSize: 1.00 GB
Initial GC threshold: 21.00 MB
Current GC threshold: 98.38 MB
CDS: on
 - commit_granule_bytes: 65536.
 - commit_granule_words: 8192.
 - virtual_space_node_default_size: 8388608.
 - enlarge_chunks_in_place: 1.
 - use_allocation_guard: 0.


Internal statistics:

num_allocs_failed_limit: 9.
num_arena_births: 942.
num_arena_deaths: 0.
num_vsnodes_births: 2.
num_vsnodes_deaths: 0.
num_space_committed: 1081.
num_space_uncommitted: 0.
num_chunks_returned_to_freelist: 9.
num_chunks_taken_from_freelist: 3271.
num_chunk_merges: 9.
num_chunk_splits: 2356.
num_chunks_enlarged: 1822.
num_inconsistent_stats: 0.

CodeHeap 'non-profiled nmethods': size=120000Kb used=3373Kb max_used=3373Kb free=116626Kb
 bounds [0x0000027fa6070000, 0x0000027fa63c0000, 0x0000027fad5a0000]
CodeHeap 'profiled nmethods': size=120000Kb used=9793Kb max_used=9793Kb free=110206Kb
 bounds [0x0000027f9e5a0000, 0x0000027f9ef40000, 0x0000027fa5ad0000]
CodeHeap 'non-nmethods': size=5760Kb used=1728Kb max_used=1783Kb free=4032Kb
 bounds [0x0000027fa5ad0000, 0x0000027fa5d40000, 0x0000027fa6070000]
 total_blobs=5874 nmethods=5126 adapters=650
 compilation: enabled
              stopped_count=0, restarted_count=0
 full_count=0

Compilation events (20 events):
Event: 176.140 Thread 0x0000027fb35d5a20 5778       3       com.fasterxml.jackson.databind.util.internal.PrivateMaxEntriesMap::readBufferIndex (7 bytes)
Event: 176.140 Thread 0x0000027fb35d5a20 nmethod 5778 0x0000027f9e9e6690 code [0x0000027f9e9e6820, 0x0000027f9e9e6918]
Event: 176.140 Thread 0x0000027fb35d5a20 5780       1       com.fasterxml.jackson.databind.util.internal.PrivateMaxEntriesMap$Node::getPrevious (5 bytes)
Event: 176.140 Thread 0x0000027fb35d5a20 nmethod 5780 0x0000027fa63b5d10 code [0x0000027fa63b5ea0, 0x0000027fa63b5f70]
Event: 176.140 Thread 0x0000027fb35d5a20 5781       1       com.fasterxml.jackson.databind.util.internal.PrivateMaxEntriesMap$Node::setPrevious (6 bytes)
Event: 176.140 Thread 0x0000027fb35d5a20 nmethod 5781 0x0000027fa63b6010 code [0x0000027fa63b61a0, 0x0000027fa63b62b8]
Event: 176.140 Thread 0x0000027fb35d5a20 5782       1       com.fasterxml.jackson.databind.util.internal.PrivateMaxEntriesMap$Node::setNext (6 bytes)
Event: 176.140 Thread 0x0000027fb35d5a20 nmethod 5782 0x0000027fa63b6310 code [0x0000027fa63b64a0, 0x0000027fa63b65b8]
Event: 176.140 Thread 0x0000027fb35d5a20 5784       3       java.util.HashMap::containsKey (14 bytes)
Event: 176.140 Thread 0x0000027fb35d5a20 nmethod 5784 0x0000027f9ef2d290 code [0x0000027f9ef2d440, 0x0000027f9ef2d5c8]
Event: 176.141 Thread 0x0000027fb35d5a20 5785       3       java.lang.invoke.VarHandleReferences$FieldInstanceReadWrite::setRelease (35 bytes)
Event: 176.142 Thread 0x0000027fb35d5a20 nmethod 5785 0x0000027f9ef2d690 code [0x0000027f9ef2d8c0, 0x0000027f9ef2e128]
Event: 176.142 Thread 0x0000027fb35d5a20 5786       3       com.fasterxml.jackson.databind.util.internal.PrivateMaxEntriesMap::drainReadBuffer (104 bytes)
Event: 176.142 Thread 0x0000027fb37f5bd0 nmethod 5774 0x0000027fa63b6610 code [0x0000027fa63b68c0, 0x0000027fa63b70c8]
Event: 176.142 Thread 0x0000027fb37f5bd0 5783       4       java.lang.StringBuilder::toString (9 bytes)
Event: 176.144 Thread 0x0000027fb35d5a20 nmethod 5786 0x0000027f9ef2e410 code [0x0000027f9ef2e840, 0x0000027f9ef309b0]
Event: 176.145 Thread 0x0000027fb35d5a20 5788       3       org.apache.tomcat.util.buf.AbstractChunk::getLength (10 bytes)
Event: 176.145 Thread 0x0000027fb35d5a20 nmethod 5788 0x0000027f9ef31610 code [0x0000027f9ef317a0, 0x0000027f9ef318b0]
Event: 176.150 Thread 0x0000027fb37f5bd0 nmethod 5783 0x0000027fa63b7710 code [0x0000027fa63b78e0, 0x0000027fa63b8190]
Event: 176.150 Thread 0x0000027fb37f5bd0 5779       4       sun.reflect.generics.parser.SignatureParser::parsePackageNameAndSimpleClassTypeSignature (119 bytes)

GC Heap History (20 events):
Event: 2.131 GC heap before
{Heap before GC invocations=3 (full 0):
 garbage-first heap   total reserved 3110912K, committed 194560K, used 36648K [0x0000000742200000, 0x0000000800000000)
  region size 2048K, 17 young (34816K), 3 survivors (6144K)
 Metaspace       used 21263K, committed 21504K, reserved 1114112K
  class space    used 2573K, committed 2688K, reserved 1048576K
}
Event: 2.138 GC heap after
{Heap after GC invocations=4 (full 0):
 garbage-first heap   total reserved 3110912K, committed 194560K, used 12926K [0x0000000742200000, 0x0000000800000000)
  region size 2048K, 4 young (8192K), 4 survivors (8192K)
 Metaspace       used 21263K, committed 21504K, reserved 1114112K
  class space    used 2573K, committed 2688K, reserved 1048576K
}
Event: 2.668 GC heap before
{Heap before GC invocations=5 (full 0):
 garbage-first heap   total reserved 3110912K, committed 49152K, used 33406K [0x0000000742200000, 0x0000000800000000)
  region size 2048K, 14 young (28672K), 4 survivors (8192K)
 Metaspace       used 24599K, committed 25024K, reserved 1114112K
  class space    used 3063K, committed 3264K, reserved 1048576K
}
Event: 2.677 GC heap after
{Heap after GC invocations=6 (full 0):
 garbage-first heap   total reserved 3110912K, committed 49152K, used 14440K [0x0000000742200000, 0x0000000800000000)
  region size 2048K, 1 young (2048K), 1 survivors (2048K)
 Metaspace       used 24599K, committed 25024K, reserved 1114112K
  class space    used 3063K, committed 3264K, reserved 1048576K
}
Event: 3.258 GC heap before
{Heap before GC invocations=6 (full 0):
 garbage-first heap   total reserved 3110912K, committed 49152K, used 36968K [0x0000000742200000, 0x0000000800000000)
  region size 2048K, 12 young (24576K), 1 survivors (2048K)
 Metaspace       used 29526K, committed 30080K, reserved 1114112K
  class space    used 3744K, committed 4032K, reserved 1048576K
}
Event: 3.268 GC heap after
{Heap after GC invocations=7 (full 0):
 garbage-first heap   total reserved 3110912K, committed 49152K, used 16518K [0x0000000742200000, 0x0000000800000000)
  region size 2048K, 2 young (4096K), 2 survivors (4096K)
 Metaspace       used 29526K, committed 30080K, reserved 1114112K
  class space    used 3744K, committed 4032K, reserved 1048576K
}
Event: 3.709 GC heap before
{Heap before GC invocations=7 (full 0):
 garbage-first heap   total reserved 3110912K, committed 49152K, used 36998K [0x0000000742200000, 0x0000000800000000)
  region size 2048K, 12 young (24576K), 2 survivors (4096K)
 Metaspace       used 34518K, committed 35072K, reserved 1114112K
  class space    used 4492K, committed 4736K, reserved 1048576K
}
Event: 3.714 GC heap after
{Heap after GC invocations=8 (full 0):
 garbage-first heap   total reserved 3110912K, committed 49152K, used 18479K [0x0000000742200000, 0x0000000800000000)
  region size 2048K, 1 young (2048K), 1 survivors (2048K)
 Metaspace       used 34518K, committed 35072K, reserved 1114112K
  class space    used 4492K, committed 4736K, reserved 1048576K
}
Event: 3.791 GC heap before
{Heap before GC invocations=8 (full 0):
 garbage-first heap   total reserved 3110912K, committed 49152K, used 20527K [0x0000000742200000, 0x0000000800000000)
  region size 2048K, 3 young (6144K), 1 survivors (2048K)
 Metaspace       used 35408K, committed 35968K, reserved 1114112K
  class space    used 4658K, committed 4928K, reserved 1048576K
}
Event: 3.793 GC heap after
{Heap after GC invocations=9 (full 0):
 garbage-first heap   total reserved 3110912K, committed 49152K, used 18467K [0x0000000742200000, 0x0000000800000000)
  region size 2048K, 1 young (2048K), 1 survivors (2048K)
 Metaspace       used 35408K, committed 35968K, reserved 1114112K
  class space    used 4658K, committed 4928K, reserved 1048576K
}
Event: 4.378 GC heap before
{Heap before GC invocations=10 (full 0):
 garbage-first heap   total reserved 3110912K, committed 49152K, used 38947K [0x0000000742200000, 0x0000000800000000)
  region size 2048K, 11 young (22528K), 1 survivors (2048K)
 Metaspace       used 44766K, committed 45376K, reserved 1114112K
  class space    used 5854K, committed 6144K, reserved 1048576K
}
Event: 4.383 GC heap after
{Heap after GC invocations=11 (full 0):
 garbage-first heap   total reserved 3110912K, committed 49152K, used 20518K [0x0000000742200000, 0x0000000800000000)
  region size 2048K, 2 young (4096K), 2 survivors (4096K)
 Metaspace       used 44766K, committed 45376K, reserved 1114112K
  class space    used 5854K, committed 6144K, reserved 1048576K
}
Event: 4.781 GC heap before
{Heap before GC invocations=11 (full 0):
 garbage-first heap   total reserved 3110912K, committed 49152K, used 36902K [0x0000000742200000, 0x0000000800000000)
  region size 2048K, 11 young (22528K), 2 survivors (4096K)
 Metaspace       used 49281K, committed 49856K, reserved 1114112K
  class space    used 6455K, committed 6720K, reserved 1048576K
}
Event: 4.788 GC heap after
{Heap after GC invocations=12 (full 0):
 garbage-first heap   total reserved 3110912K, committed 49152K, used 21736K [0x0000000742200000, 0x0000000800000000)
  region size 2048K, 1 young (2048K), 1 survivors (2048K)
 Metaspace       used 49281K, committed 49856K, reserved 1114112K
  class space    used 6455K, committed 6720K, reserved 1048576K
}
Event: 5.297 GC heap before
{Heap before GC invocations=12 (full 0):
 garbage-first heap   total reserved 3110912K, committed 49152K, used 40168K [0x0000000742200000, 0x0000000800000000)
  region size 2048K, 11 young (22528K), 1 survivors (2048K)
 Metaspace       used 55898K, committed 56448K, reserved 1114112K
  class space    used 7558K, committed 7808K, reserved 1048576K
}
Event: 5.300 GC heap after
{Heap after GC invocations=13 (full 0):
 garbage-first heap   total reserved 3110912K, committed 59392K, used 22383K [0x0000000742200000, 0x0000000800000000)
  region size 2048K, 2 young (4096K), 2 survivors (4096K)
 Metaspace       used 55898K, committed 56448K, reserved 1114112K
  class space    used 7558K, committed 7808K, reserved 1048576K
}
Event: 5.585 GC heap before
{Heap before GC invocations=13 (full 0):
 garbage-first heap   total reserved 3110912K, committed 59392K, used 36719K [0x0000000742200000, 0x0000000800000000)
  region size 2048K, 10 young (20480K), 2 survivors (4096K)
 Metaspace       used 59627K, committed 60160K, reserved 1114112K
  class space    used 8026K, committed 8256K, reserved 1048576K
}
Event: 5.590 GC heap after
{Heap after GC invocations=14 (full 0):
 garbage-first heap   total reserved 3110912K, committed 59392K, used 23961K [0x0000000742200000, 0x0000000800000000)
  region size 2048K, 2 young (4096K), 2 survivors (4096K)
 Metaspace       used 59627K, committed 60160K, reserved 1114112K
  class space    used 8026K, committed 8256K, reserved 1048576K
}
Event: 6.133 GC heap before
{Heap before GC invocations=15 (full 0):
 garbage-first heap   total reserved 3110912K, committed 59392K, used 48537K [0x0000000742200000, 0x0000000800000000)
  region size 2048K, 14 young (28672K), 2 survivors (4096K)
 Metaspace       used 62813K, committed 63424K, reserved 1114112K
  class space    used 8557K, committed 8832K, reserved 1048576K
}
Event: 6.138 GC heap after
{Heap after GC invocations=16 (full 0):
 garbage-first heap   total reserved 3110912K, committed 59392K, used 26677K [0x0000000742200000, 0x0000000800000000)
  region size 2048K, 2 young (4096K), 2 survivors (4096K)
 Metaspace       used 62813K, committed 63424K, reserved 1114112K
  class space    used 8557K, committed 8832K, reserved 1048576K
}

Dll operation events (15 events):
Event: 0.006 Loaded shared library C:\Users\Administrator\.jdks\openjdk-22.0.1\bin\java.dll
Event: 0.102 Loaded shared library C:\Users\Administrator\.jdks\openjdk-22.0.1\bin\jsvml.dll
Event: 0.260 Loaded shared library C:\Users\Administrator\.jdks\openjdk-22.0.1\bin\zip.dll
Event: 0.265 Loaded shared library C:\Users\Administrator\.jdks\openjdk-22.0.1\bin\instrument.dll
Event: 0.268 Loaded shared library C:\Users\Administrator\.jdks\openjdk-22.0.1\bin\net.dll
Event: 0.270 Loaded shared library C:\Users\Administrator\.jdks\openjdk-22.0.1\bin\nio.dll
Event: 0.272 Loaded shared library C:\Users\Administrator\.jdks\openjdk-22.0.1\bin\zip.dll
Event: 0.363 Loaded shared library C:\Program Files\JetBrains\IntelliJ IDEA Community Edition 2024.1.4\bin\breakgen64.dll
Event: 0.371 Loaded shared library C:\Users\Administrator\.jdks\openjdk-22.0.1\bin\extnet.dll
Event: 0.407 Loaded shared library C:\Users\Administrator\.jdks\openjdk-22.0.1\bin\jimage.dll
Event: 1.000 Loaded shared library C:\Users\Administrator\.jdks\openjdk-22.0.1\bin\le.dll
Event: 1.530 Loaded shared library C:\Users\Administrator\.jdks\openjdk-22.0.1\bin\sunmscapi.dll
Event: 3.166 Loaded shared library C:\Users\Administrator\.jdks\openjdk-22.0.1\bin\management.dll
Event: 3.170 Loaded shared library C:\Users\Administrator\.jdks\openjdk-22.0.1\bin\management_ext.dll
Event: 3.673 Loaded shared library C:\Users\Administrator\.jdks\openjdk-22.0.1\bin\verify.dll

Deoptimization events (20 events):
Event: 175.927 Thread 0x0000027ffc502c30 Uncommon trap: trap_request=0xffffff45 fr.pc=0x0000027fa630fef4 relative=0x0000000000007454
Event: 175.927 Thread 0x0000027ffc502c30 Uncommon trap: reason=unstable_if action=reinterpret pc=0x0000027fa630fef4 method=java.util.zip.InflaterInputStream.read([BII)I @ 74 c2
Event: 175.927 Thread 0x0000027ffc502c30 DEOPT PACKING pc=0x0000027fa630fef4 sp=0x000000f4f2ef9660
Event: 175.927 Thread 0x0000027ffc502c30 DEOPT UNPACKING pc=0x0000027fa5b246a2 sp=0x000000f4f2ef9470 mode 2
Event: 176.001 Thread 0x0000027ffc502c30 Uncommon trap: trap_request=0xfffffff4 fr.pc=0x0000027fa623bd0c relative=0x000000000000016c
Event: 176.001 Thread 0x0000027ffc502c30 Uncommon trap: reason=null_check action=make_not_entrant pc=0x0000027fa623bd0c method=java.lang.reflect.Array.newInstance(Ljava/lang/Class;I)Ljava/lang/Object; @ 2 c2
Event: 176.001 Thread 0x0000027ffc502c30 DEOPT PACKING pc=0x0000027fa623bd0c sp=0x000000f4f2efb860
Event: 176.001 Thread 0x0000027ffc502c30 DEOPT UNPACKING pc=0x0000027fa5b246a2 sp=0x000000f4f2efb7f8 mode 2
Event: 176.087 Thread 0x0000027ffc502c30 Uncommon trap: trap_request=0xffffff45 fr.pc=0x0000027fa62f797c relative=0x00000000000003dc
Event: 176.087 Thread 0x0000027ffc502c30 Uncommon trap: reason=unstable_if action=reinterpret pc=0x0000027fa62f797c method=java.util.Arrays$ArrayList.indexOf(Ljava/lang/Object;)I @ 6 c2
Event: 176.087 Thread 0x0000027ffc502c30 DEOPT PACKING pc=0x0000027fa62f797c sp=0x000000f4f2efc6e0
Event: 176.087 Thread 0x0000027ffc502c30 DEOPT UNPACKING pc=0x0000027fa5b246a2 sp=0x000000f4f2efc660 mode 2
Event: 176.139 Thread 0x0000027ffc502c30 Uncommon trap: trap_request=0xffffff45 fr.pc=0x0000027fa61b80dc relative=0x00000000000003fc
Event: 176.139 Thread 0x0000027ffc502c30 Uncommon trap: reason=unstable_if action=reinterpret pc=0x0000027fa61b80dc method=java.util.HashMap.getNode(Ljava/lang/Object;)Ljava/util/HashMap$Node; @ 66 c2
Event: 176.139 Thread 0x0000027ffc502c30 DEOPT PACKING pc=0x0000027fa61b80dc sp=0x000000f4f2efc4f0
Event: 176.139 Thread 0x0000027ffc502c30 DEOPT UNPACKING pc=0x0000027fa5b246a2 sp=0x000000f4f2efc420 mode 2
Event: 176.139 Thread 0x0000027ffc502c30 Uncommon trap: trap_request=0xffffff45 fr.pc=0x0000027fa60e38c4 relative=0x00000000000001e4
Event: 176.139 Thread 0x0000027ffc502c30 Uncommon trap: reason=unstable_if action=reinterpret pc=0x0000027fa60e38c4 method=java.util.HashMap.getNode(Ljava/lang/Object;)Ljava/util/HashMap$Node; @ 66 c2
Event: 176.139 Thread 0x0000027ffc502c30 DEOPT PACKING pc=0x0000027fa60e38c4 sp=0x000000f4f2efc4a0
Event: 176.139 Thread 0x0000027ffc502c30 DEOPT UNPACKING pc=0x0000027fa5b246a2 sp=0x000000f4f2efc420 mode 2

Classes loaded (20 events):
Event: 176.064 Loading class java/io/ObjectStreamClass$ClassDataSlot
Event: 176.064 Loading class java/io/ObjectStreamClass$ClassDataSlot done
Event: 176.064 Loading class java/io/ObjectInputStream$FieldValues
Event: 176.064 Loading class java/io/ObjectInputStream$GetField
Event: 176.064 Loading class java/io/ObjectInputStream$GetField done
Event: 176.064 Loading class java/io/ObjectInputStream$FieldValues done
Event: 176.064 Loading class java/io/SerialCallbackContext
Event: 176.065 Loading class java/io/SerialCallbackContext done
Event: 176.085 Loading class java/util/OptionalLong
Event: 176.085 Loading class java/util/OptionalLong done
Event: 176.085 Loading class java/util/OptionalDouble
Event: 176.086 Loading class java/util/OptionalDouble done
Event: 176.109 Loading class java/util/stream/LongStream
Event: 176.110 Loading class java/util/stream/LongStream done
Event: 176.110 Loading class java/util/stream/DoubleStream
Event: 176.110 Loading class java/util/stream/DoubleStream done
Event: 176.123 Loading class org/w3c/dom/Node
Event: 176.123 Loading class org/w3c/dom/Node done
Event: 176.123 Loading class org/w3c/dom/Document
Event: 176.123 Loading class org/w3c/dom/Document done

Classes unloaded (0 events):
No events

Classes redefined (0 events):
No events

Internal exceptions (20 events):
Event: 5.530 Thread 0x0000027f96251580 Exception <a 'java/lang/IncompatibleClassChangeError'{0x00000007451e2490}: Found class java.lang.Object, but interface was expected> (0x00000007451e2490) 
thrown [s\open\src\hotspot\share\interpreter\linkResolver.cpp, line 841]
Event: 5.537 Thread 0x0000027f96251580 Exception <a 'java/lang/IncompatibleClassChangeError'{0x0000000744e46930}: Found class java.lang.Object, but interface was expected> (0x0000000744e46930) 
thrown [s\open\src\hotspot\share\interpreter\linkResolver.cpp, line 841]
Event: 5.566 Thread 0x0000027f96251580 Exception <a 'java/lang/IncompatibleClassChangeError'{0x0000000744f9b340}: Found class java.lang.Object, but interface was expected> (0x0000000744f9b340) 
thrown [s\open\src\hotspot\share\interpreter\linkResolver.cpp, line 841]
Event: 5.733 Thread 0x0000027f96251580 Exception <a 'java/lang/IncompatibleClassChangeError'{0x000000074bece620}: Found class java.lang.Object, but interface was expected> (0x000000074bece620) 
thrown [s\open\src\hotspot\share\interpreter\linkResolver.cpp, line 841]
Event: 5.801 Thread 0x0000027f96251580 Exception <a 'java/lang/NoSuchMethodError'{0x000000074bde7ff8}: 'java.lang.Object java.lang.invoke.DirectMethodHandle$Holder.newInvokeSpecial(java.lang.Object, java.lang.Object, java.lang.Object, java.lang.Object, java.lang.Object, java.lang.Object, java.lang.Object, java.lang.Object)'> (0x000000074bde7ff8) 
thrown [s\open\src\hotspot\share\interpreter\linkResolver.cpp, line 774]
Event: 5.986 Thread 0x0000027f96251580 Exception <a 'java/lang/IncompatibleClassChangeError'{0x00000007447e5e88}: Found class java.lang.Object, but interface was expected> (0x00000007447e5e88) 
thrown [s\open\src\hotspot\share\interpreter\linkResolver.cpp, line 841]
Event: 6.024 Thread 0x0000027f96251580 Exception <a 'java/lang/NoSuchMethodError'{0x000000074457a1e8}: 'void java.lang.invoke.DirectMethodHandle$Holder.invokeVirtual(java.lang.Object, java.lang.Object, long)'> (0x000000074457a1e8) 
thrown [s\open\src\hotspot\share\interpreter\linkResolver.cpp, line 774]
Event: 6.087 Thread 0x0000027f96251580 Exception <a 'java/lang/NoSuchMethodError'{0x0000000744086c68}: 'int java.lang.invoke.DirectMethodHandle$Holder.invokeStaticInit(java.lang.Object, java.lang.Object, java.lang.Object, java.lang.Object)'> (0x0000000744086c68) 
thrown [s\open\src\hotspot\share\interpreter\linkResolver.cpp, line 774]
Event: 6.116 Thread 0x0000027f96251580 Exception <a 'java/lang/IncompatibleClassChangeError'{0x0000000744151c20}: Found class java.lang.Object, but interface was expected> (0x0000000744151c20) 
thrown [s\open\src\hotspot\share\interpreter\linkResolver.cpp, line 841]
Event: 6.126 Thread 0x0000027f96251580 Implicit null exception at 0x0000027fa61befeb to 0x0000027fa61bf274
Event: 6.204 Thread 0x0000027f96251580 Exception <a 'java/lang/NoSuchMethodError'{0x000000074c160278}: 'java.lang.Object java.lang.invoke.DirectMethodHandle$Holder.newInvokeSpecial(java.lang.Object, java.lang.Object, int, java.lang.Object, java.lang.Object)'> (0x000000074c160278) 
thrown [s\open\src\hotspot\share\interpreter\linkResolver.cpp, line 774]
Event: 175.767 Thread 0x0000027ffc502c30 Exception <a 'java/lang/NoSuchMethodError'{0x000000074bd424d0}: 'java.lang.Object java.lang.invoke.DirectMethodHandle$Holder.invokeSpecial(java.lang.Object, java.lang.Object, java.lang.Object, java.lang.Object, java.lang.Object, long)'> (0x000000074bd424d0) 
thrown [s\open\src\hotspot\share\interpreter\linkResolver.cpp, line 774]
Event: 175.767 Thread 0x0000027ffc502c30 Exception <a 'java/lang/NoSuchMethodError'{0x000000074bd45c90}: 'java.lang.Object java.lang.invoke.Invokers$Holder.linkToTargetMethod(java.lang.Object, java.lang.Object, java.lang.Object, long, java.lang.Object)'> (0x000000074bd45c90) 
thrown [s\open\src\hotspot\share\interpreter\linkResolver.cpp, line 774]
Event: 175.974 Thread 0x0000027ffc502c30 Exception <a 'java/lang/NoSuchMethodError'{0x0000000744ff2e68}: 'java.lang.Object java.lang.invoke.DirectMethodHandle$Holder.invokeInterface(java.lang.Object, java.lang.Object, java.lang.Object, java.lang.Object)'> (0x0000000744ff2e68) 
thrown [s\open\src\hotspot\share\interpreter\linkResolver.cpp, line 774]
Event: 175.984 Thread 0x0000027ffc502c30 Exception <a 'java/lang/IncompatibleClassChangeError'{0x0000000744c69b30}: Found class java.lang.Object, but interface was expected> (0x0000000744c69b30) 
thrown [s\open\src\hotspot\share\interpreter\linkResolver.cpp, line 841]
Event: 176.001 Thread 0x0000027ffc502c30 Implicit null exception at 0x0000027fa623bbc4 to 0x0000027fa623bcf8
Event: 176.062 Thread 0x0000027ffc502c30 Exception <a 'java/lang/NoSuchMethodError'{0x0000000744b85160}: 'long java.lang.invoke.Invokers$Holder.invokeExact_MT(java.lang.Object, java.lang.Object)'> (0x0000000744b85160) 
thrown [s\open\src\hotspot\share\interpreter\linkResolver.cpp, line 774]
Event: 176.066 Thread 0x0000027ffc502c30 Exception <a 'java/lang/NoSuchMethodError'{0x0000000744b9f768}: 'void java.lang.invoke.Invokers$Holder.invokeExact_MT(java.lang.Object, java.lang.Object, int, java.lang.Object)'> (0x0000000744b9f768) 
thrown [s\open\src\hotspot\share\interpreter\linkResolver.cpp, line 774]
Event: 176.072 Thread 0x0000027ffc502c30 Exception <a 'java/lang/IncompatibleClassChangeError'{0x0000000744bce7e0}: Found class java.lang.Object, but interface was expected> (0x0000000744bce7e0) 
thrown [s\open\src\hotspot\share\interpreter\linkResolver.cpp, line 841]
Event: 176.087 Thread 0x0000027ffc502c30 Implicit null exception at 0x0000027fa62f75e6 to 0x0000027fa62f7964

ZGC Phase Switch (0 events):
No events

VM Operations (20 events):
Event: 29.357 Executing VM operation: Cleanup
Event: 29.357 Executing VM operation: Cleanup done
Event: 60.268 Executing VM operation: HandshakeAllThreads (HandshakeForDeflation)
Event: 60.268 Executing VM operation: HandshakeAllThreads (HandshakeForDeflation) done
Event: 60.268 Executing VM operation: RendezvousGCThreads
Event: 60.268 Executing VM operation: RendezvousGCThreads done
Event: 78.445 Executing VM operation: Cleanup
Event: 78.445 Executing VM operation: Cleanup done
Event: 82.489 Executing VM operation: Cleanup
Event: 82.489 Executing VM operation: Cleanup done
Event: 93.600 Executing VM operation: Cleanup
Event: 93.600 Executing VM operation: Cleanup done
Event: 175.783 Executing VM operation: HandshakeAllThreads (Deoptimize)
Event: 175.783 Executing VM operation: HandshakeAllThreads (Deoptimize) done
Event: 175.783 Executing VM operation: Cleanup
Event: 175.783 Executing VM operation: Cleanup done
Event: 176.080 Executing VM operation: HandshakeAllThreads (Deoptimize)
Event: 176.080 Executing VM operation: HandshakeAllThreads (Deoptimize) done
Event: 176.113 Executing VM operation: HandshakeAllThreads (Deoptimize)
Event: 176.113 Executing VM operation: HandshakeAllThreads (Deoptimize) done

Events (20 events):
Event: 5.627 Thread 0x0000027fb357d3d0 flushing nmethod 0x0000027f9ec64610
Event: 5.627 Thread 0x0000027fb357d3d0 flushing nmethod 0x0000027f9ec71410
Event: 5.627 Thread 0x0000027fb357d3d0 flushing nmethod 0x0000027f9ec72f10
Event: 6.213 Thread 0x0000027ffc502c30 Thread added: 0x0000027ffc502c30
Event: 6.213 Thread 0x0000027ffc506dd0 Thread added: 0x0000027ffc506dd0
Event: 6.213 Thread 0x0000027ffc503950 Thread added: 0x0000027ffc503950
Event: 6.214 Thread 0x0000027ffc503fe0 Thread added: 0x0000027ffc503fe0
Event: 6.214 Thread 0x0000027ffc506740 Thread added: 0x0000027ffc506740
Event: 6.214 Thread 0x0000027ffc507460 Thread added: 0x0000027ffc507460
Event: 6.214 Thread 0x0000027ffc5060b0 Thread added: 0x0000027ffc5060b0
Event: 6.214 Thread 0x0000027ffc5032c0 Thread added: 0x0000027ffc5032c0
Event: 6.214 Thread 0x0000027ffc5004d0 Thread added: 0x0000027ffc5004d0
Event: 6.214 Thread 0x0000027ffc504d00 Thread added: 0x0000027ffc504d00
Event: 6.223 Thread 0x0000027ffc507af0 Thread added: 0x0000027ffc507af0
Event: 6.224 Thread 0x0000027ffc504670 Thread added: 0x0000027ffc504670
Event: 6.244 Thread 0x0000027f96251580 Thread exited: 0x0000027f96251580
Event: 6.244 Thread 0x0000027ffc505390 Thread added: 0x0000027ffc505390
Event: 8.245 Thread 0x0000027fb3976fe0 Thread exited: 0x0000027fb3976fe0
Event: 9.974 Thread 0x0000027ff9ede070 Thread exited: 0x0000027ff9ede070
Event: 175.800 Thread 0x0000027fb37f5bd0 Thread added: 0x0000027fb37f5bd0


Dynamic libraries:
0x00007ff6abed0000 - 0x00007ff6abede000 	C:\Users\Administrator\.jdks\openjdk-22.0.1\bin\java.exe
0x00007ffe15590000 - 0x00007ffe15785000 	C:\Windows\SYSTEM32\ntdll.dll
0x00007ffe15180000 - 0x00007ffe1523e000 	C:\Windows\System32\KERNEL32.DLL
0x00007ffe12d40000 - 0x00007ffe13009000 	C:\Windows\System32\KERNELBASE.dll
0x00007ffe13280000 - 0x00007ffe13380000 	C:\Windows\System32\ucrtbase.dll
0x00007ffe01040000 - 0x00007ffe0105b000 	C:\Users\Administrator\.jdks\openjdk-22.0.1\bin\VCRUNTIME140.dll
0x00007ffdfc390000 - 0x00007ffdfc3a7000 	C:\Users\Administrator\.jdks\openjdk-22.0.1\bin\jli.dll
0x00007ffe14850000 - 0x00007ffe149f1000 	C:\Windows\System32\USER32.dll
0x00007ffdff960000 - 0x00007ffdffbfa000 	C:\Windows\WinSxS\amd64_microsoft.windows.common-controls_6595b64144ccf1df_6.0.19041.1110_none_60b5254171f9507e\COMCTL32.dll
0x00007ffe13250000 - 0x00007ffe13272000 	C:\Windows\System32\win32u.dll
0x00007ffe14450000 - 0x00007ffe144ee000 	C:\Windows\System32\msvcrt.dll
0x00007ffe14420000 - 0x00007ffe1444b000 	C:\Windows\System32\GDI32.dll
0x00007ffe13010000 - 0x00007ffe1311b000 	C:\Windows\System32\gdi32full.dll
0x00007ffe13120000 - 0x00007ffe131bd000 	C:\Windows\System32\msvcp_win.dll
0x00007ffe141d0000 - 0x00007ffe14200000 	C:\Windows\System32\IMM32.DLL
0x00007ffe07a20000 - 0x00007ffe07a2c000 	C:\Users\Administrator\.jdks\openjdk-22.0.1\bin\vcruntime140_1.dll
0x00007ffde4860000 - 0x00007ffde48ee000 	C:\Users\Administrator\.jdks\openjdk-22.0.1\bin\msvcp140.dll
0x00007ffdae8b0000 - 0x00007ffdaf5f7000 	C:\Users\Administrator\.jdks\openjdk-22.0.1\bin\server\jvm.dll
0x00007ffe15070000 - 0x00007ffe1511c000 	C:\Windows\System32\ADVAPI32.dll
0x00007ffe14a00000 - 0x00007ffe14a9b000 	C:\Windows\System32\sechost.dll
0x00007ffe14550000 - 0x00007ffe1467a000 	C:\Windows\System32\RPCRT4.dll
0x00007ffe14c20000 - 0x00007ffe14c8b000 	C:\Windows\System32\WS2_32.dll
0x00007ffe12220000 - 0x00007ffe1226b000 	C:\Windows\SYSTEM32\POWRPROF.dll
0x00007ffdffdb0000 - 0x00007ffdffdd7000 	C:\Windows\SYSTEM32\WINMM.dll
0x00007ffe0d210000 - 0x00007ffe0d21a000 	C:\Windows\SYSTEM32\VERSION.dll
0x00007ffe120e0000 - 0x00007ffe120f2000 	C:\Windows\SYSTEM32\UMPDC.dll
0x00007ffe11530000 - 0x00007ffe11542000 	C:\Windows\SYSTEM32\kernel.appcore.dll
0x00007ffe010b0000 - 0x00007ffe010ba000 	C:\Users\Administrator\.jdks\openjdk-22.0.1\bin\jimage.dll
0x00007ffe10950000 - 0x00007ffe10b34000 	C:\Windows\SYSTEM32\DBGHELP.DLL
0x00007ffdfd9e0000 - 0x00007ffdfda0c000 	C:\Windows\SYSTEM32\dbgcore.DLL
0x00007ffe12cb0000 - 0x00007ffe12d33000 	C:\Windows\System32\bcryptPrimitives.dll
0x00007ffdfc6f0000 - 0x00007ffdfc6ff000 	C:\Users\Administrator\.jdks\openjdk-22.0.1\bin\instrument.dll
0x00007ffdedd10000 - 0x00007ffdedd2e000 	C:\Users\Administrator\.jdks\openjdk-22.0.1\bin\java.dll
0x00007ffe13610000 - 0x00007ffe13d4f000 	C:\Windows\System32\SHELL32.dll
0x00007ffe14710000 - 0x00007ffe1483a000 	C:\Windows\System32\ole32.dll
0x00007ffe14d10000 - 0x00007ffe15065000 	C:\Windows\System32\combase.dll
0x00007ffe10d90000 - 0x00007ffe11520000 	C:\Windows\SYSTEM32\windows.storage.dll
0x00007ffe12700000 - 0x00007ffe1272c000 	C:\Windows\SYSTEM32\Wldp.dll
0x00007ffe154a0000 - 0x00007ffe1554d000 	C:\Windows\System32\SHCORE.dll
0x00007ffe14bc0000 - 0x00007ffe14c15000 	C:\Windows\System32\shlwapi.dll
0x00007ffe12bf0000 - 0x00007ffe12c0f000 	C:\Windows\SYSTEM32\profapi.dll
0x00007ffde45a0000 - 0x00007ffde4677000 	C:\Users\Administrator\.jdks\openjdk-22.0.1\bin\jsvml.dll
0x00007ffdedb90000 - 0x00007ffdedba7000 	C:\Users\Administrator\.jdks\openjdk-22.0.1\bin\zip.dll
0x00007ffe00f40000 - 0x00007ffe00f50000 	C:\Users\Administrator\.jdks\openjdk-22.0.1\bin\net.dll
0x00007ffe12460000 - 0x00007ffe124ca000 	C:\Windows\system32\mswsock.dll
0x00007ffdedbb0000 - 0x00007ffdedbc6000 	C:\Users\Administrator\.jdks\openjdk-22.0.1\bin\nio.dll
0x00007ffdedac0000 - 0x00007ffdedada000 	C:\Program Files\JetBrains\IntelliJ IDEA Community Edition 2024.1.4\bin\breakgen64.dll
0x00007ffdedb80000 - 0x00007ffdedb89000 	C:\Users\Administrator\.jdks\openjdk-22.0.1\bin\extnet.dll
0x00007ffded7e0000 - 0x00007ffded7eb000 	C:\Users\Administrator\.jdks\openjdk-22.0.1\bin\le.dll
0x00007ffdeda80000 - 0x00007ffdeda8e000 	C:\Users\Administrator\.jdks\openjdk-22.0.1\bin\sunmscapi.dll
0x00007ffe13480000 - 0x00007ffe135d6000 	C:\Windows\System32\CRYPT32.dll
0x00007ffe12770000 - 0x00007ffe12797000 	C:\Windows\SYSTEM32\ncrypt.dll
0x00007ffe12730000 - 0x00007ffe1276b000 	C:\Windows\SYSTEM32\NTASN1.dll
0x00007ffe12650000 - 0x00007ffe12668000 	C:\Windows\SYSTEM32\CRYPTSP.dll
0x00007ffe11d70000 - 0x00007ffe11da4000 	C:\Windows\system32\rsaenh.dll
0x00007ffe131c0000 - 0x00007ffe131e7000 	C:\Windows\System32\bcrypt.dll
0x00007ffe12b70000 - 0x00007ffe12b9e000 	C:\Windows\SYSTEM32\USERENV.dll
0x00007ffe12670000 - 0x00007ffe1267c000 	C:\Windows\SYSTEM32\CRYPTBASE.dll
0x00007ffe12100000 - 0x00007ffe1213b000 	C:\Windows\SYSTEM32\IPHLPAPI.DLL
0x00007ffe14840000 - 0x00007ffe14848000 	C:\Windows\System32\NSI.dll
0x00007ffdedb30000 - 0x00007ffdedb3a000 	C:\Users\Administrator\.jdks\openjdk-22.0.1\bin\management.dll
0x00007ffdeda90000 - 0x00007ffdeda9b000 	C:\Users\Administrator\.jdks\openjdk-22.0.1\bin\management_ext.dll
0x00007ffe142e0000 - 0x00007ffe142e8000 	C:\Windows\System32\PSAPI.DLL
0x00007ffded7c0000 - 0x00007ffded7d0000 	C:\Users\Administrator\.jdks\openjdk-22.0.1\bin\verify.dll
0x00007ffe12150000 - 0x00007ffe1221c000 	C:\Windows\SYSTEM32\DNSAPI.dll
0x00007ffe00c80000 - 0x00007ffe00c8a000 	C:\Windows\System32\rasadhlp.dll
0x00007ffe00e20000 - 0x00007ffe00e9f000 	C:\Windows\System32\fwpuclnt.dll
0x00007ffe0a780000 - 0x00007ffe0a787000 	C:\Windows\system32\wshunix.dll

dbghelp: loaded successfully - version: 4.0.5 - missing functions: none
symbol engine: initialized successfully - sym options: 0x614 - pdb path: .;C:\Users\Administrator\.jdks\openjdk-22.0.1\bin;C:\Windows\SYSTEM32;C:\Windows\WinSxS\amd64_microsoft.windows.common-controls_6595b64144ccf1df_6.0.19041.1110_none_60b5254171f9507e;C:\Users\Administrator\.jdks\openjdk-22.0.1\bin\server;C:\Program Files\JetBrains\IntelliJ IDEA Community Edition 2024.1.4\bin

VM Arguments:
jvm_args: -javaagent:C:\Program Files\JetBrains\IntelliJ IDEA Community Edition 2024.1.4\lib\idea_rt.jar=51676:C:\Program Files\JetBrains\IntelliJ IDEA Community Edition 2024.1.4\bin -Dfile.encoding=UTF-8 -Dsun.stdout.encoding=UTF-8 -Dsun.stderr.encoding=UTF-8 
java_command: com.example.blogAngular.BlogAngularApplication
java_class_path (initial): E:\angular\blogAngular\target\classes;C:\Users\Administrator\.m2\repository\org\springframework\boot\spring-boot-starter-data-jpa\3.3.1\spring-boot-starter-data-jpa-3.3.1.jar;C:\Users\Administrator\.m2\repository\org\springframework\boot\spring-boot-starter-aop\3.3.1\spring-boot-starter-aop-3.3.1.jar;C:\Users\Administrator\.m2\repository\org\springframework\spring-aop\6.1.10\spring-aop-6.1.10.jar;C:\Users\Administrator\.m2\repository\org\aspectj\aspectjweaver\1.9.22\aspectjweaver-1.9.22.jar;C:\Users\Administrator\.m2\repository\org\springframework\boot\spring-boot-starter-jdbc\3.3.1\spring-boot-starter-jdbc-3.3.1.jar;C:\Users\Administrator\.m2\repository\com\zaxxer\HikariCP\5.1.0\HikariCP-5.1.0.jar;C:\Users\Administrator\.m2\repository\org\springframework\spring-jdbc\6.1.10\spring-jdbc-6.1.10.jar;C:\Users\Administrator\.m2\repository\org\hibernate\orm\hibernate-core\6.5.2.Final\hibernate-core-6.5.2.Final.jar;C:\Users\Administrator\.m2\repository\jakarta\persistence\jakarta.persistence-api\3.1.0\jakarta.persistence-api-3.1.0.jar;C:\Users\Administrator\.m2\repository\jakarta\transaction\jakarta.transaction-api\2.0.1\jakarta.transaction-api-2.0.1.jar;C:\Users\Administrator\.m2\repository\org\jboss\logging\jboss-logging\3.5.3.Final\jboss-logging-3.5.3.Final.jar;C:\Users\Administrator\.m2\repository\org\hibernate\common\hibernate-commons-annotations\6.0.6.Final\hibernate-commons-annotations-6.0.6.Final.jar;C:\Users\Administrator\.m2\repository\io\smallrye\jandex\3.1.2\jandex-3.1.2.jar;C:\Users\Administrator\.m2\repository\com\fasterxml\classmate\1.7.0\classmate-1.7.0.jar;C:\Users\Administrator\.m2\repository\net\bytebuddy\byte-buddy\1.14.17\byte-buddy-1.14.17.jar;C:\Users\Administrator\.m2\repository\org\glassfish\jaxb\jaxb-runtime\4.0.5\jaxb-runtime-4.0.5.jar;C:\Users\Administrator\.m2\repository\org\glassfish\jaxb\jaxb-core\4.0.5\jaxb-core-4.0.5.jar;C:\Users\Administrator\.m2\repository\org\eclipse\angus\angus-activation\2.0.2\angus-activation-2.0.2.jar;C:\Users\Administrator\.m2\repository\org\glassfish\jaxb\txw2\4.0.5\txw2-4.0.5.jar;C:\Users\Administrator\.m2\repository\com\sun\istack\istack-commons-runtime\4.1.2\istack-commons-runtime-4.1.2.jar;C:\Users\Administrator\.m2\repository\jakarta\inject\jakarta.inject-api\2.0.1\jakarta.inject-api-2.0.1.jar;C:\Users\Administrator\.m2\repository\org\antlr\antlr4-runtime\4.13.0\antlr4-runtime-4.13.0.jar;C:\Users\Administrator\.m2\repository\org\springframework\data\spring-data-jpa\3.3.1\spring-data-jpa-3.3.1.jar;C:\Users\Administrator\.m2\repository\org\springframework\data\spring-data-commons\3.3.1\spring-data-commons-3.3.1.jar;C:\Users\Administrator\.m2\repository\org\springframework\spring-orm\6.1.10\spring-orm-6.1.10.jar;C:\Users\Administrator\.m2\repository\org\springframework\spring-context\6.1.10\spring-context-6.1.10.jar;C:\Users\Administrator\.m2\repository\org\springframework\spring-tx\6.1.10\spring-tx-6.1.10.jar;C:\Users\Administrator\.m2\repository\org\springframework\spring-beans\6.1.10\spring-beans-6.1.10.jar;C:\Users\Administrator\.m2\repository\jakarta\annotation\jakarta.annotation-api\2.1.1\jakarta.annotation-api-2.1.1.jar;C:\Users\Administrator\.m2\repository\org\slf4j\slf4j-api\2.0.13\slf4j-api-2.0.13.jar;C:\Users\Administrator\.m2\repository\org\springframework\spring-aspects\6.1.10\spring-aspects-6.1.10.jar;C:\Users\Administrator\.m2\repository\org\springframework\boot\spring-boot-starter-web\3.3.1\spring-boot-starter-web-3.3.1.jar;C:\Users\Administrator\.m2\repository\org\springframework\boot\spring-boot-starter\3.3.1\spring-boot-starter-3.3.1.jar;C:\Users\Administrator\.m2\repository\org\springframework\boot\spring-boot\3.3.1\spring-boot-3.3.1.jar;C:\Users\Administrator\.m2\repository\org\springframework\boot\spring-boot-autoconfigure\3.3.1\spring-boot-autoconfigure-3.3.1.jar;C:\Users\Administrator\.m2\repository\org\springframework\boot\spring-boot-starter-logging\3.3.1\spring-boot-starter-logging-3.3.1.jar;C:\Users\Administrator\.m2\repository\ch\qos\logback\logback-classic\1.5.6\logback-classic-1.5.6.jar;C:\Users\Administrator\.m2\repository\ch\qos\logback\logback-core\1.5.6\logback-core-1.5.6.jar;C:\Users\Administrator\.m2\repository\org\apache\logging\log4j\log4j-to-slf4j\2.23.1\log4j-to-slf4j-2.23.1.jar;C:\Users\Administrator\.m2\repository\org\apache\logging\log4j\log4j-api\2.23.1\log4j-api-2.23.1.jar;C:\Users\Administrator\.m2\repository\org\slf4j\jul-to-slf4j\2.0.13\jul-to-slf4j-2.0.13.jar;C:\Users\Administrator\.m2\repository\org\yaml\snakeyaml\2.2\snakeyaml-2.2.jar;C:\Users\Administrator\.m2\repository\org\springframework\boot\spring-boot-starter-json\3.3.1\spring-boot-starter-json-3.3.1.jar;C:\Users\Administrator\.m2\repository\com\fasterxml\jackson\core\jackson-databind\2.17.1\jackson-databind-2.17.1.jar;C:\Users\Administrator\.m2\repository\com\fasterxml\jackson\core\jackson-annotations\2.17.1\jackson-annotations-2.17.1.jar;C:\Users\Administrator\.m2\repository\com\fasterxml\jackson\core\jackson-core\2.17.1\jackson-core-2.17.1.jar;C:\Users\Administrator\.m2\repository\com\fasterxml\jackson\datatype\jackson-datatype-jdk8\2.17.1\jackson-datatype-jdk8-2.17.1.jar;C:\Users\Administrator\.m2\repository\com\fasterxml\jackson\datatype\jackson-datatype-jsr310\2.17.1\jackson-datatype-jsr310-2.17.1.jar;C:\Users\Administrator\.m2\repository\com\fasterxml\jackson\module\jackson-module-parameter-names\2.17.1\jackson-module-parameter-names-2.17.1.jar;C:\Users\Administrator\.m2\repository\org\springframework\boot\spring-boot-starter-tomcat\3.3.1\spring-boot-starter-tomcat-3.3.1.jar;C:\Users\Administrator\.m2\repository\org\apache\tomcat\embed\tomcat-embed-core\10.1.25\tomcat-embed-core-10.1.25.jar;C:\Users\Administrator\.m2\repository\org\apache\tomcat\embed\tomcat-embed-el\10.1.25\tomcat-embed-el-10.1.25.jar;C:\Users\Administrator\.m2\repository\org\apache\tomcat\embed\tomcat-embed-websocket\10.1.25\tomcat-embed-websocket-10.1.25.jar;C:\Users\Administrator\.m2\repository\org\springframework\spring-web\6.1.10\spring-web-6.1.10.jar;C:\Users\Administrator\.m2\repository\io\micrometer\micrometer-observation\1.13.1\micrometer-observation-1.13.1.jar;C:\Users\Administrator\.m2\repository\io\micrometer\micrometer-commons\1.13.1\micrometer-commons-1.13.1.jar;C:\Users\Administrator\.m2\repository\org\springframework\spring-webmvc\6.1.10\spring-webmvc-6.1.10.jar;C:\Users\Administrator\.m2\repository\org\springframework\spring-expression\6.1.10\spring-expression-6.1.10.jar;C:\Users\Administrator\.m2\repository\com\mysql\mysql-connector-j\8.3.0\mysql-connector-j-8.3.0.jar;C:\Users\Administrator\.m2\repository\org\projectlombok\lombok\1.18.32\lombok-1.18.32.jar;C:\Users\Administrator\.m2\repository\jakarta\xml\bind\jakarta.xml.bind-api\4.0.2\jakarta.xml.bind-api-4.0.2.jar;C:\Users\Administrator\.m2\repository\jakarta\activation\jakarta.activation-api\2.1.3\jakarta.activation-api-2.1.3.jar;C:\Users\Administrator\.m2\repository\org\springframework\spring-core\6.1.10\spring-core-6.1.10.jar;C:\Users\Administrator\.m2\repository\org\springframework\spring-jcl\6.1.10\spring-jcl-6.1.10.jar
Launcher Type: SUN_STANDARD

[Global flags]
     intx CICompilerCount                          = 3                                         {product} {ergonomic}
     uint ConcGCThreads                            = 1                                         {product} {ergonomic}
     uint G1ConcRefinementThreads                  = 4                                         {product} {ergonomic}
   size_t G1HeapRegionSize                         = 2097152                                   {product} {ergonomic}
   size_t InitialHeapSize                          = 199229440                                 {product} {ergonomic}
   size_t MarkStackSize                            = 4194304                                   {product} {ergonomic}
   size_t MaxHeapSize                              = 3185573888                                {product} {ergonomic}
   size_t MaxNewSize                               = 1910505472                                {product} {ergonomic}
   size_t MinHeapDeltaBytes                        = 2097152                                   {product} {ergonomic}
   size_t MinHeapSize                              = 8388608                                   {product} {ergonomic}
    uintx NonNMethodCodeHeapSize                   = 5832780                                {pd product} {ergonomic}
    uintx NonProfiledCodeHeapSize                  = 122912730                              {pd product} {ergonomic}
    uintx ProfiledCodeHeapSize                     = 122912730                              {pd product} {ergonomic}
    uintx ReservedCodeCacheSize                    = 251658240                              {pd product} {ergonomic}
     bool SegmentedCodeCache                       = true                                      {product} {ergonomic}
   size_t SoftMaxHeapSize                          = 3185573888                             {manageable} {ergonomic}
     bool UseCompressedOops                        = true                           {product lp64_product} {ergonomic}
     bool UseG1GC                                  = true                                      {product} {ergonomic}
     bool UseLargePagesIndividualAllocation        = false                                  {pd product} {ergonomic}

Logging:
Log output configuration:
 #0: stdout all=warning uptime,level,tags foldmultilines=false
 #1: stderr all=off uptime,level,tags foldmultilines=false

Environment Variables:
PATH=C:\Program Files\Java\jdk-17.0.2;C:\Program Files\Common Files\Oracle\Java\javapath;C:\Windows\system32;C:\Windows;C:\Windows\System32\Wbem;C:\Windows\System32\WindowsPowerShell\v1.0\;C:\Windows\System32\OpenSSH\;C:\Program Files (x86)\NVIDIA Corporation\PhysX\Common;C:\Program Files\Microsoft SQL Server\150\Tools\Binn\;C:\Program Files\Microsoft SQL Server\Client SDK\ODBC\170\Tools\Binn\;C:\Program Files (x86)\Microsoft SQL Server\150\Tools\Binn\;C:\Program Files\Microsoft SQL Server\150\DTS\Binn\;C:\Program Files (x86)\Microsoft SQL Server\150\DTS\Binn\;C:\Program Files\Azure Data Studio\bin;C:\Program Files\MongoDB\Server\6.0\bin;C:\Program Files\dotnet\;C:\Program Files\nodejs\;C:\Program Files\Git\cmd;C:\Users\Administrator\AppData\Local\Programs\Python\Python39-32\Scripts\;C:\Users\Administrator\AppData\Local\Programs\Python\Python39-32\;C:\Users\Administrator\AppData\Local\Microsoft\WindowsApps;C:\Users\Administrator\AppData\Local\Programs\Microsoft VS Code\bin;C:\Program Files\Azure Data Studio\bin;C:\Users\Administrator\.dotnet\tools;C:\Users\Administrator\AppData\Roaming\npm;C:\Program Files\heroku\bin
USERNAME=Administrator
OS=Windows_NT
PROCESSOR_IDENTIFIER=Intel64 Family 6 Model 94 Stepping 3, GenuineIntel
TMP=C:\Users\Administrator\AppData\Local\Temp
TEMP=C:\Users\Administrator\AppData\Local\Temp




Periodic native trim disabled

---------------  S Y S T E M  ---------------

OS:
 Windows 10 , 64 bit Build 19041 (10.0.19041.1202)
OS uptime: 0 days 8:13 hours

CPU: total 4 (initial active 4) (4 cores per cpu, 1 threads per core) family 6 model 94 stepping 3 microcode 0xcc, cx8, cmov, fxsr, mmx, 3dnowpref, sse, sse2, sse3, ssse3, sse4.1, sse4.2, popcnt, lzcnt, tsc, tscinvbit, avx, avx2, aes, erms, clmul, bmi1, bmi2, rtm, adx, fma, vzeroupper, clflush, clflushopt, rdtscp, f16c
Processor Information for all 4 processors :
  Max Mhz: 2301, Current Mhz: 2301, Mhz Limit: 2301

Memory: 4k page, system-wide physical 12146M (1497M free)
TotalPageFile size 14194M (AvailPageFile size 23M)
current process WorkingSet (physical memory assigned to process): 250M, peak: 262M
current process commit charge ("private bytes"): 280M, peak: 348M

vm_info: OpenJDK 64-Bit Server VM (22.0.1+8-16) for windows-amd64 JRE (22.0.1+8-16), built on 2024-03-12T10:33:16Z by "mach5one" with MS VC++ 17.6 (VS2022)

END.
